Arguments: 
  /usr/local/bin/node /opt/homebrew/Cellar/yarn/1.22.19/libexec/bin/yarn.js add --dev classNames

PATH: 
  /opt/homebrew/opt/openjdk/bin:/opt/homebrew/bin:/opt/homebrew/sbin:/Users/pixelbandito/.cargo/bin:/usr/local/bin:/usr/bin:/bin:/usr/sbin:/sbin:/Applications/Keybase.app/Contents/SharedSupport/bin:/Library/Apple/usr/bin:/Users/pixelbandito/.cargo/bin:/usr/local/bin:/opt/homebrew/Cellar/openjdk/19.0.1/libexec/openjdk.jdk/Contents/Home:/Users/pixelbandito/Code/Samsung/tizen-cli/tools/ide/bin

Yarn version: 
  1.22.19

Node version: 
  18.12.1

Platform: 
  darwin arm64

Trace: 
  Error: https://registry.npmjs.org/classNames: Not found
      at params.callback [as _callback] (/opt/homebrew/Cellar/yarn/1.22.19/libexec/lib/cli.js:66145:18)
      at self.callback (/opt/homebrew/Cellar/yarn/1.22.19/libexec/lib/cli.js:140890:22)
      at Request.emit (node:events:513:28)
      at Request.<anonymous> (/opt/homebrew/Cellar/yarn/1.22.19/libexec/lib/cli.js:141862:10)
      at Request.emit (node:events:513:28)
      at IncomingMessage.<anonymous> (/opt/homebrew/Cellar/yarn/1.22.19/libexec/lib/cli.js:141784:12)
      at Object.onceWrapper (node:events:627:28)
      at IncomingMessage.emit (node:events:525:35)
      at endReadableNT (node:internal/streams/readable:1359:12)
      at process.processTicksAndRejections (node:internal/process/task_queues:82:21)

npm manifest: 
  {
    "name": "squint",
    "version": "0.0.2",
    "description": "Blur and desaturate your webpage to see how well the design holds up. A tool for web designers and developers.",
    "main": "popup.js",
    "scripts": {
      "test": "echo \"Error: no test specified\" && exit 1"
    },
    "author": "pixelbandito",
    "license": "UNLICENSED",
    "dependencies": {
      "chrome-types": "^0.1.165"
    }
  }

yarn manifest: 
  No manifest

Lockfile: 
  # THIS IS AN AUTOGENERATED FILE. DO NOT EDIT THIS FILE DIRECTLY.
  # yarn lockfile v1
  
  
  chrome-types@^0.1.165:
    version "0.1.165"
    resolved "https://registry.yarnpkg.com/chrome-types/-/chrome-types-0.1.165.tgz#17fa320e6875b4eea3e673ea880c3d825ac47a82"
    integrity sha512-oI9snJyJHUUg5PJf7avsJ+C955gMngUmcY/F7CWWnT9YHyndIDINgN5M6dNCCyy9pN/kFZo8czGTmBT7fdAkHg==
